  GameEngine.cpp
E:\Github\212-Hovercraft-Engine\212-Hovercraft\Material.h(14,10): warning C4067: unexpected tokens following preprocessor directive - expected a newline
E:\Github\212-Hovercraft-Engine\212-Hovercraft\GameEngine.cpp(115,152): warning C4316: 'Mesh': object allocated on the heap may not be aligned 16
E:\Github\212-Hovercraft-Engine\212-Hovercraft\GameEngine.cpp(128,161): warning C4316: 'Mesh': object allocated on the heap may not be aligned 16
E:\Github\212-Hovercraft-Engine\212-Hovercraft\GameEngine.cpp(130,162): warning C4316: 'Mesh': object allocated on the heap may not be aligned 16
E:\Github\212-Hovercraft-Engine\212-Hovercraft\GameEngine.cpp(145,146): warning C4316: 'Mesh': object allocated on the heap may not be aligned 16
E:\Github\212-Hovercraft-Engine\212-Hovercraft\GameEngine.cpp(159,160): warning C4316: 'Mesh': object allocated on the heap may not be aligned 16
E:\Github\212-Hovercraft-Engine\212-Hovercraft\GameEngine.cpp(173,152): warning C4316: 'Mesh': object allocated on the heap may not be aligned 16
E:\Github\212-Hovercraft-Engine\212-Hovercraft\GameEngine.cpp(187,146): warning C4316: 'Mesh': object allocated on the heap may not be aligned 16
E:\Github\212-Hovercraft-Engine\212-Hovercraft\GameEngine.cpp(201,142): warning C4316: 'Mesh': object allocated on the heap may not be aligned 16
E:\Github\212-Hovercraft-Engine\212-Hovercraft\GameEngine.cpp(203,142): warning C4316: 'Mesh': object allocated on the heap may not be aligned 16
E:\Github\212-Hovercraft-Engine\212-Hovercraft\GameEngine.cpp(205,142): warning C4316: 'Mesh': object allocated on the heap may not be aligned 16
E:\Github\212-Hovercraft-Engine\212-Hovercraft\GameEngine.cpp(207,141): warning C4316: 'Mesh': object allocated on the heap may not be aligned 16
E:\Github\212-Hovercraft-Engine\212-Hovercraft\GameEngine.cpp(209,142): warning C4316: 'Mesh': object allocated on the heap may not be aligned 16
E:\Github\212-Hovercraft-Engine\212-Hovercraft\GameEngine.cpp(211,141): warning C4316: 'Mesh': object allocated on the heap may not be aligned 16
E:\Github\212-Hovercraft-Engine\212-Hovercraft\GameEngine.cpp(213,142): warning C4316: 'Mesh': object allocated on the heap may not be aligned 16
E:\Github\212-Hovercraft-Engine\212-Hovercraft\GameEngine.cpp(227,153): warning C4316: 'Mesh': object allocated on the heap may not be aligned 16
E:\Github\212-Hovercraft-Engine\212-Hovercraft\GameEngine.cpp(239,122): warning C4316: 'Mesh': object allocated on the heap may not be aligned 16
  Shader.cpp
  Generating Code...
  217-Hovercraft.vcxproj -> E:\Github\212-Hovercraft-Engine\212-Hovercraft\Debug\212-Hovercraft.exe
